<?xml version="1.0" encoding="UTF-8"?>
<!-- Generated by org.testng.reporters.JUnitReportReporter -->
<testsuite hostname="DESKTOP-JMN770U" failures="0" tests="1" name="testcases.BankManagerLoginTest" time="0.549" errors="0" timestamp="05 Sep 2023 12:24:35 GMT" skipped="0">
  <testcase classname="testcases.BankManagerLoginTest" name="loginAsBankManager" time="0.549"/>
</testsuite> <!-- testcases.BankManagerLoginTest -->
