<?xml version="1.0" encoding="UTF-8"?>
<!-- Generated by org.testng.reporters.JUnitReportReporter -->
<testsuite hostname="DESKTOP-JMN770U" failures="0" tests="3" name="testcases.AddCustomerTest" time="4.947" errors="0" timestamp="05 Sep 2023 12:24:35 GMT" skipped="0">
  <testcase classname="testcases.AddCustomerTest" name="addCustomer" time="1.873"/>
  <testcase classname="testcases.AddCustomerTest" name="addCustomer" time="1.565"/>
  <testcase classname="testcases.AddCustomerTest" name="addCustomer" time="1.509"/>
</testsuite> <!-- testcases.AddCustomerTest -->
