<?xml version="1.0" encoding="UTF-8"?>
<!-- Generated by org.testng.reporters.JUnitReportReporter -->
<testsuite hostname="LAPTOP-TUN1U03P" failures="0" tests="2" name="testcases.UserRegTest" time="0.001" errors="0" timestamp="24 Jun 2023 15:55:33 GMT" skipped="0">
  <testcase classname="testcases.UserRegTest" name="doUserReg" time="0.001"/>
  <testcase classname="testcases.UserRegTest" name="doUserReg" time="0.000"/>
</testsuite> <!-- testcases.UserRegTest -->
