<?xml version="1.0" encoding="UTF-8"?>
<!-- Generated by org.testng.reporters.JUnitReportReporter -->
<testsuite hostname="DESKTOP-JMN770U" failures="0" tests="4" name="testcases.LoginTest" time="6.987" errors="0" timestamp="04 Sep 2023 08:08:16 GMT" skipped="0">
  <testcase classname="testcases.LoginTest" name="doLogin" time="1.875"/>
  <testcase classname="testcases.LoginTest" name="doLogin" time="2.125"/>
  <testcase classname="testcases.LoginTest" name="doLogin" time="2.143"/>
  <testcase classname="testcases.LoginTest" name="doLogin" time="0.844"/>
</testsuite> <!-- testcases.LoginTest -->
