<?xml version="1.0" encoding="UTF-8"?>
<testsuite name="TestSuite" time="6.562" tests="5" errors="0" skipped="0" failures="0">
  <properties>
    <property name="JOB_NAME" value="DataDrivenProject"/>
    <property name="java.vendor" value="Oracle Corporation"/>
    <property name="sun.java.launcher" value="SUN_STANDARD"/>
    <property name="RUN_TESTS_DISPLAY_URL" value="http://localhost:8080/job/DataDrivenProject/13/display/redirect?page=tests"/>
    <property name="NUMBER_OF_PROCESSORS" value="4"/>
    <property name="sun.management.compiler" value="HotSpot 64-Bit Tiered Compilers"/>
    <property name="JENKINS_HOME" value="C:\Users\home\.jenkins"/>
    <property name="HUDSON_SERVER_COOKIE" value="637dbfe68e6c9f16"/>
    <property name="POM_ARTIFACTID" value="DataDrivenFramework"/>
    <property name="os.name" value="Windows 10"/>
    <property name="EXECUTOR_NUMBER" value="0"/>
    <property name="sun.desktop" value="windows"/>
    <property name="PATHEXT" value=".COM;.EXE;.BAT;.CMD;.VBS;.VBE;.JS;.JSE;.WSF;.WSH;.MSC"/>
    <property name="POM_DISPLAYNAME" value="DataDrivenFramework"/>
    <property name="java.vm.specification.vendor" value="Oracle Corporation"/>
    <property name="TEMP" value="C:\Users\home\AppData\Local\Temp"/>
    <property name="NODE_LABELS" value="built-in"/>
    <property name="java.runtime.version" value="11.0.20+9-LTS-256"/>
    <property name="user.name" value="home"/>
    <property name="guice.disable.misplaced.annotation.check" value="true"/>
    <property name="CommonProgramW6432" value="C:\Program Files\Common Files"/>
    <property name="ProgramFiles" value="C:\Program Files"/>
    <property name="PROMPT" value="$P$G"/>
    <property name="user.language" value="en"/>
    <property name="JOB_BASE_NAME" value="DataDrivenProject"/>
    <property name="RUN_CHANGES_DISPLAY_URL" value="http://localhost:8080/job/DataDrivenProject/13/display/redirect?page=changes"/>
    <property name="BUILD_DISPLAY_NAME" value="#13"/>
    <property name="OneDrive" value="C:\Users\home\OneDrive"/>
    <property name="sun.boot.library.path" value="C:\Program Files\Java\jdk-11\bin"/>
    <property name="java.vm.compressedOopsMode" value="32-bit"/>
    <property name="LOCALAPPDATA" value="C:\Users\home\AppData\Local"/>
    <property name="java.version" value="11.0.20"/>
    <property name="user.timezone" value="Asia/Calcutta"/>
    <property name="PROCESSOR_LEVEL" value="6"/>
    <property name="USERNAME" value="home"/>
    <property name="sun.arch.data.model" value="64"/>
    <property name="NODE_NAME" value="built-in"/>
    <property name="BUILD_ID" value="13"/>
    <property name="sun.cpu.isalist" value="amd64"/>
    <property name="sun.jnu.encoding" value="Cp1252"/>
    <property name="maven.conf" value="C:\Users\home\apache-maven-3.9.4-bin\apache-maven-3.9.4\conf"/>
    <property name="HOMEDRIVE" value="C:"/>
    <property name="file.separator" value="\"/>
    <property name="java.specification.name" value="Java Platform API Specification"/>
    <property name="java.class.version" value="55.0"/>
    <property name="MVN_HOME" value="C:\Users\home\apache-maven-3.9.4-bin\apache-maven-3.9.4"/>
    <property name="=::" value="::\"/>
    <property name="org.slf4j.simpleLogger.defaultLogLevel" value="info"/>
    <property name="user.country" value="US"/>
    <property name="ALLUSERSPROFILE" value="C:\ProgramData"/>
    <property name="java.home" value="C:\Program Files\Java\jdk-11"/>
    <property name="java.vm.info" value="mixed mode"/>
    <property name="os.version" value="10.0"/>
    <property name="=ExitCode" value="C000013A"/>
    <property name="RUN_DISPLAY_URL" value="http://localhost:8080/job/DataDrivenProject/13/display/redirect"/>
    <property name="POM_VERSION" value="0.0.1-SNAPSHOT"/>
    <property name="TMP" value="C:\Users\home\AppData\Local\Temp"/>
    <property name="path.separator" value=";"/>
    <property name="RUN_ARTIFACTS_DISPLAY_URL" value="http://localhost:8080/job/DataDrivenProject/13/display/redirect?page=artifacts"/>
    <property name="java.vm.version" value="11.0.20+9-LTS-256"/>
    <property name="user.variant" value=""/>
    <property name="CommonProgramFiles(x86)" value="C:\Program Files (x86)\Common Files"/>
    <property name="JOB_DISPLAY_URL" value="http://localhost:8080/job/DataDrivenProject/display/redirect"/>
    <property name="USERDOMAIN_ROAMINGPROFILE" value="DESKTOP-JMN770U"/>
    <property name="java.awt.printerjob" value="sun.awt.windows.WPrinterJob"/>
    <property name="CommonProgramFiles" value="C:\Program Files\Common Files"/>
    <property name="sun.io.unicode.encoding" value="UnicodeLittle"/>
    <property name="JAVA_HOME" value="C:\Program Files\Java\jdk-11"/>
    <property name="ComSpec" value="C:\Windows\system32\cmd.exe"/>
    <property name="java.specification.maintenance.version" value="2"/>
    <property name="HOMEPATH" value="\Users\home"/>
    <property name="awt.toolkit" value="sun.awt.windows.WToolkit"/>
    <property name="POM_PACKAGING" value="jar"/>
    <property name="COMPUTERNAME" value="DESKTOP-JMN770U"/>
    <property name="user.script" value=""/>
    <property name="POM_GROUPID" value="com.w2a"/>
    <property name="user.home" value="C:\Users\home"/>
    <property name="PUBLIC" value="C:\Users\Public"/>
    <property name="BUILD_TAG" value="jenkins-DataDrivenProject-13"/>
    <property name="JENKINS_SERVER_COOKIE" value="637dbfe68e6c9f16"/>
    <property name="HUDSON_URL" value="http://localhost:8080/"/>
    <property name="ProgramData" value="C:\ProgramData"/>
    <property name="java.version.date" value="2023-07-18"/>
    <property name="java.specification.vendor" value="Oracle Corporation"/>
    <property name="USERPROFILE" value="C:\Users\home"/>
    <property name="CLASSPATH" value=""/>
    <property name="java.library.path" value="C:\Program Files\Java\jdk-11\bin;C:\Windows\Sun\Java\bin;C:\Windows\system32;C:\Windows;C:\Users\home\apache-maven-3.9.4-bin\apache-maven-3.9.4/bin;C:\Program Files\Java\jdk-11/bin;C:\Program Files\Java\jdk-11/bin;C:\Program Files\Common Files\Oracle\Java\javapath;C:\Users\home\AppData\Local\Android\Sdk\tools\bin;C:\Program Files\Java\jdk-11\bin;C:\Users\home\apache-maven-3.9.4-bin\apache-maven-3.9.4\bin;C:\Users\home\AppData\Local\Microsoft\WindowsApps;C:\Users\home\AppData\Local\Android\Sdk\build-tools;C:\Users\home\AppData\Local\Android\Sdk\platforms;C:\Users\home\AppData\Local\Android\Sdk\platform-tools;C:\Users\home\AppData\Local\Android\Sdk\tools;C:\Users\home\AppData\Roaming\npm;C:\Program Files\nodejs;C:\Users\home\AppData\Local\Android\Sdk\tools;."/>
    <property name="java.vendor.url" value="https://openjdk.java.net/"/>
    <property name="java.vm.vendor" value="Oracle Corporation"/>
    <property name="APPDATA" value="C:\Users\home\AppData\Roaming"/>
    <property name="ZES_ENABLE_SYSMAN" value="1"/>
    <property name="java.runtime.name" value="Java(TM) SE Runtime Environment"/>
    <property name="maven.home" value="C:\Users\home\apache-maven-3.9.4-bin\apache-maven-3.9.4"/>
    <property name="java.class.path" value="C:\Users\home\.jenkins\plugins\maven-plugin\WEB-INF\lib\maven35-agent-1.14.jar;C:\Users\home\apache-maven-3.9.4-bin\apache-maven-3.9.4\boot\plexus-classworlds-2.7.0.jar;C:\Users\home\apache-maven-3.9.4-bin\apache-maven-3.9.4/conf/logging"/>
    <property name="sun.java.command" value="jenkins.maven3.agent.Maven35Main C:\Users\home\apache-maven-3.9.4-bin\apache-maven-3.9.4 C:\Users\home\.jenkins\war\WEB-INF\lib\remoting-3131.vf2b_b_798b_ce99.jar C:\Users\home\.jenkins\plugins\maven-plugin\WEB-INF\lib\maven35-interceptor-1.14.jar C:\Users\home\.jenkins\plugins\maven-plugin\WEB-INF\lib\maven3-interceptor-commons-1.14.jar 53209"/>
    <property name="Path" value="C:\Program Files\Java\jdk-11/bin;C:\Program Files\Common Files\Oracle\Java\javapath;C:\Users\home\AppData\Local\Android\Sdk\tools\bin;C:\Program Files\Java\jdk-11\bin;C:\Users\home\apache-maven-3.9.4-bin\apache-maven-3.9.4\bin;C:\Users\home\AppData\Local\Microsoft\WindowsApps;C:\Users\home\AppData\Local\Android\Sdk\build-tools;C:\Users\home\AppData\Local\Android\Sdk\platforms;C:\Users\home\AppData\Local\Android\Sdk\platform-tools;C:\Users\home\AppData\Local\Android\Sdk\tools;C:\Users\home\AppData\Roaming\npm;C:\Program Files\nodejs;C:\Users\home\AppData\Local\Android\Sdk\tools"/>
    <property name="jdk.debug" value="release"/>
    <property name="PROCESSOR_ARCHITECTURE" value="AMD64"/>
    <property name="java.vm.specification.name" value="Java Virtual Machine Specification"/>
    <property name="jansi.mode" value="strip"/>
    <property name="PATH+JDK" value="C:\Program Files\Java\jdk-11/bin"/>
    <property name="PROCESSOR_IDENTIFIER" value="Intel64 Family 6 Model 78 Stepping 3, GenuineIntel"/>
    <property name="java.vm.specification.version" value="11"/>
    <property name="M2_HOME" value="C:\Users\home\apache-maven-3.9.4-bin\apache-maven-3.9.4"/>
    <property name="sun.cpu.endian" value="little"/>
    <property name="sun.os.patch.level" value=""/>
    <property name="OS" value="Windows_NT"/>
    <property name="CI" value="true"/>
    <property name="java.io.tmpdir" value="C:\Users\home\AppData\Local\Temp\"/>
    <property name="HUDSON_HOME" value="C:\Users\home\.jenkins"/>
    <property name="PATH+MAVEN" value="C:\Users\home\apache-maven-3.9.4-bin\apache-maven-3.9.4/bin"/>
    <property name="ProgramFiles(x86)" value="C:\Program Files (x86)"/>
    <property name="java.vendor.url.bug" value="https://bugreport.java.com/bugreport/"/>
    <property name="BUILD_URL" value="http://localhost:8080/job/DataDrivenProject/13/"/>
    <property name="SystemRoot" value="C:\Windows"/>
    <property name="os.arch" value="amd64"/>
    <property name="java.awt.graphicsenv" value="sun.awt.Win32GraphicsEnvironment"/>
    <property name="user.dir" value="C:\Users\home\DataDrivenFramework2"/>
    <property name="JOB_URL" value="http://localhost:8080/job/DataDrivenProject/"/>
    <property name="LOGONSERVER" value="\\DESKTOP-JMN770U"/>
    <property name="USERDOMAIN" value="DESKTOP-JMN770U"/>
    <property name="MAVEN_HOME" value="C:\Users\home\apache-maven-3.9.4-bin\apache-maven-3.9.4"/>
    <property name="line.separator" value="&#10;"/>
    <property name="java.vm.name" value="Java HotSpot(TM) 64-Bit Server VM"/>
    <property name="BUILD_NUMBER" value="13"/>
    <property name="PROCESSOR_REVISION" value="4e03"/>
    <property name="ANDROID_HOME" value="C:\Users\home\AppData\Local\Android\Sdk"/>
    <property name="JENKINS_URL" value="http://localhost:8080/"/>
    <property name="ProgramW6432" value="C:\Program Files"/>
    <property name="windir" value="C:\Windows"/>
    <property name="=C:" value="C:\Users\home\Downloads\Harshita"/>
    <property name="file.encoding" value="Cp1252"/>
    <property name="SystemDrive" value="C:"/>
    <property name="maven3.interceptor" value="C:\Users\home\.jenkins\plugins\maven-plugin\WEB-INF\lib\maven35-interceptor-1.14.jar"/>
    <property name="WORKSPACE_TMP" value="C:\Users\home\.jenkins\workspace\DataDrivenProject@tmp"/>
    <property name="WORKSPACE" value="C:\Users\home\.jenkins\workspace\DataDrivenProject"/>
    <property name="maven3.interceptor.common" value="C:\Users\home\.jenkins\plugins\maven-plugin\WEB-INF\lib\maven3-interceptor-commons-1.14.jar"/>
    <property name="PSModulePath" value="%ProgramFiles%\WindowsPowerShell\Modules;C:\Windows\system32\WindowsPowerShell\v1.0\Modules"/>
    <property name="java.specification.version" value="11"/>
    <property name="DriverData" value="C:\Windows\System32\Drivers\DriverData"/>
    <property name="java.vendor.version" value="18.9"/>
  </properties>
  <testcase name="loginAsBankManager" classname="testcases.BankManagerLoginTest" time="0.647"/>
  <testcase name="addCustomer" classname="testcases.AddCustomerTest" time="2.478"/>
  <testcase name="addCustomer" classname="testcases.AddCustomerTest" time="2.014"/>
  <testcase name="addCustomer" classname="testcases.AddCustomerTest" time="1.958"/>
  <testcase name="openAccount" classname="testcases.OpenAccountTest" time="3.437"/>
</testsuite>