<?xml version="1.0" encoding="UTF-8"?>
<!-- Generated by org.testng.reporters.JUnitReportReporter -->
<testsuite hostname="DESKTOP-JMN770U" failures="0" tests="1" name="testcases.BankManagerLoginTest" time="0.644" errors="0" timestamp="21 Sep 2023 12:11:07 GMT" skipped="0">
  <testcase classname="testcases.BankManagerLoginTest" name="loginAsBankManager" time="0.644"/>
</testsuite> <!-- testcases.BankManagerLoginTest -->
