<?xml version="1.0" encoding="UTF-8"?>
<!-- Generated by org.testng.reporters.JUnitReportReporter -->
<testsuite hostname="DESKTOP-JMN770U" failures="0" tests="3" name="testcases.AddCustomerTest" time="6.391" errors="0" timestamp="21 Sep 2023 12:11:07 GMT" skipped="0">
  <testcase classname="testcases.AddCustomerTest" name="addCustomer" time="2.418"/>
  <testcase classname="testcases.AddCustomerTest" name="addCustomer" time="1.986"/>
  <testcase classname="testcases.AddCustomerTest" name="addCustomer" time="1.987"/>
</testsuite> <!-- testcases.AddCustomerTest -->
