<?xml version="1.0" encoding="UTF-8"?>
<!-- Generated by org.testng.reporters.JUnitReportReporter -->
<testsuite hostname="DESKTOP-JMN770U" failures="0" tests="1" name="testcases.OpenAccountTest" time="3.414" errors="0" timestamp="21 Sep 2023 12:11:07 GMT" skipped="0">
  <testcase classname="testcases.OpenAccountTest" name="openAccount" time="3.414"/>
</testsuite> <!-- testcases.OpenAccountTest -->
